Using pre-set license
Built from '2021.3/staging' branch; Version is '2021.3.6f1 (7da38d85baf6) revision 8233869'; Using compiler version '192829333'; Build Type 'Release'
OS: 'Windows 10  (10.0.19041) 64bit Professional' Language: 'es' Physical Memory: 16341 MB
BatchMode: 1, IsHumanControllingUs: 0, StartBugReporterOnCrash: 0, Is64bit: 1, IsPro: 1

COMMAND LINE ARGUMENTS:
E:\Unity\2021.3.6f1\Editor\Unity.exe
-adb2
-batchMode
-noUpm
-name
AssetImportWorker0
-projectPath
Z:/UnityProjects/BallGame
-logFile
Logs/AssetImportWorker0.log
-srvPort
11875
Successfully changed project path to: Z:/UnityProjects/BallGame
Z:/UnityProjects/BallGame
[UnityMemory] Configuration Parameters - Can be set up in boot.config
    "memorysetup-bucket-allocator-granularity=16"
    "memorysetup-bucket-allocator-bucket-count=8"
    "memorysetup-bucket-allocator-block-size=33554432"
    "memorysetup-bucket-allocator-block-count=8"
    "memorysetup-main-allocator-block-size=16777216"
    "memorysetup-thread-allocator-block-size=16777216"
    "memorysetup-gfx-main-allocator-block-size=16777216"
    "memorysetup-gfx-thread-allocator-block-size=16777216"
    "memorysetup-cache-allocator-block-size=4194304"
    "memorysetup-typetree-allocator-block-size=2097152"
    "memorysetup-profiler-bucket-allocator-granularity=16"
    "memorysetup-profiler-bucket-allocator-bucket-count=8"
    "memorysetup-profiler-bucket-allocator-block-size=33554432"
    "memorysetup-profiler-bucket-allocator-block-count=8"
    "memorysetup-profiler-allocator-block-size=16777216"
    "memorysetup-profiler-editor-allocator-block-size=1048576"
    "memorysetup-temp-allocator-size-main=16777216"
    "memorysetup-job-temp-allocator-block-size=2097152"
    "memorysetup-job-temp-allocator-block-size-background=1048576"
    "memorysetup-job-temp-allocator-reduction-small-platforms=262144"
    "memorysetup-temp-allocator-size-background-worker=32768"
    "memorysetup-temp-allocator-size-job-worker=262144"
    "memorysetup-temp-allocator-size-preload-manager=33554432"
    "memorysetup-temp-allocator-size-nav-mesh-worker=65536"
    "memorysetup-temp-allocator-size-audio-worker=65536"
    "memorysetup-temp-allocator-size-cloud-worker=32768"
    "memorysetup-temp-allocator-size-gi-baking-worker=262144"
    "memorysetup-temp-allocator-size-gfx=262144"
Refreshing native plugins compatible for Editor in 62.23 ms, found 3 plugins.
Preloading 0 native plugins for Editor in 0.00 ms.
Initialize engine version: 2021.3.6f1 (7da38d85baf6)
[Subsystems] Discovering subsystems at path E:/Unity/2021.3.6f1/Editor/Data/Resources/UnitySubsystems
[Subsystems] Discovering subsystems at path Z:/UnityProjects/BallGame/Assets
GfxDevice: creating device client; threaded=0; jobified=0
Direct3D:
    Version:  Direct3D 11.0 [level 11.1]
    Renderer: NVIDIA GeForce GTX 1060 6GB (ID=0x1c03)
    Vendor:   NVIDIA
    VRAM:     6052 MB
    Driver:   27.21.14.5671
Initialize mono
Mono path[0] = 'E:/Unity/2021.3.6f1/Editor/Data/Managed'
Mono path[1] = 'E:/Unity/2021.3.6f1/Editor/Data/MonoBleedingEdge/lib/mono/unityjit-win32'
Mono config path = 'E:/Unity/2021.3.6f1/Editor/Data/MonoBleedingEdge/etc'
Using monoOptions --debugger-agent=transport=dt_socket,embedding=1,server=y,suspend=n,address=127.0.0.1:56860
Begin MonoManager ReloadAssembly
Registering precompiled unity dll's ...
Register platform support module: E:/Unity/2021.3.6f1/Editor/Data/PlaybackEngines/AndroidPlayer/UnityEditor.Android.Extensions.dll
Register platform support module: E:/Unity/2021.3.6f1/Editor/Data/PlaybackEngines/WindowsStandaloneSupport/UnityEditor.WindowsStandalone.Extensions.dll
Registered in 0.004282 seconds.
Native extension for WindowsStandalone target not found
Native extension for Android target not found
Refreshing native plugins compatible for Editor in 63.33 ms, found 3 plugins.
Preloading 0 native plugins for Editor in 0.00 ms.
Mono: successfully reloaded assembly
- Completed reload, in  0.968 seconds
Domain Reload Profiling:
	ReloadAssembly (968ms)
		BeginReloadAssembly (96ms)
			ExecutionOrderSort (0ms)
			DisableScriptedObjects (0ms)
			BackupInstance (0ms)
			ReleaseScriptingObjects (0ms)
			CreateAndSetChildDomain (1ms)
		EndReloadAssembly (638ms)
			LoadAssemblies (96ms)
			RebuildTransferFunctionScriptingTraits (0ms)
			SetupTypeCache (194ms)
			ReleaseScriptCaches (0ms)
			RebuildScriptCaches (38ms)
			SetupLoadedEditorAssemblies (343ms)
				LogAssemblyErrors (0ms)
				InitializePlatformSupportModulesInManaged (71ms)
				SetLoadedEditorAssemblies (0ms)
				RefreshPlugins (63ms)
				BeforeProcessingInitializeOnLoad (2ms)
				ProcessInitializeOnLoadAttributes (134ms)
				ProcessInitializeOnLoadMethodAttributes (73ms)
				AfterProcessingInitializeOnLoad (0ms)
				EditorAssembliesLoaded (0ms)
			ExecutionOrderSort2 (0ms)
			AwakeInstancesAfterBackupRestoration (0ms)
Platform modules already initialized, skipping
Registering precompiled user dll's ...
Registered in 0.005101 seconds.
Begin MonoManager ReloadAssembly
Native extension for WindowsStandalone target not found
Native extension for Android target not found
Refreshing native plugins compatible for Editor in 55.88 ms, found 3 plugins.
Preloading 0 native plugins for Editor in 0.00 ms.
Mono: successfully reloaded assembly
- Completed reload, in  1.296 seconds
Domain Reload Profiling:
	ReloadAssembly (1297ms)
		BeginReloadAssembly (247ms)
			ExecutionOrderSort (0ms)
			DisableScriptedObjects (8ms)
			BackupInstance (0ms)
			ReleaseScriptingObjects (0ms)
			CreateAndSetChildDomain (133ms)
		EndReloadAssembly (893ms)
			LoadAssemblies (99ms)
			RebuildTransferFunctionScriptingTraits (0ms)
			SetupTypeCache (285ms)
			ReleaseScriptCaches (1ms)
			RebuildScriptCaches (68ms)
			SetupLoadedEditorAssemblies (387ms)
				LogAssemblyErrors (0ms)
				InitializePlatformSupportModulesInManaged (16ms)
				SetLoadedEditorAssemblies (0ms)
				RefreshPlugins (56ms)
				BeforeProcessingInitializeOnLoad (66ms)
				ProcessInitializeOnLoadAttributes (205ms)
				ProcessInitializeOnLoadMethodAttributes (42ms)
				AfterProcessingInitializeOnLoad (3ms)
				EditorAssembliesLoaded (0ms)
			ExecutionOrderSort2 (0ms)
			AwakeInstancesAfterBackupRestoration (9ms)
Platform modules already initialized, skipping
========================================================================
Worker process is ready to serve import requests
Launched and connected shader compiler UnityShaderCompiler.exe after 0.06 seconds
Refreshing native plugins compatible for Editor in 0.72 ms, found 3 plugins.
Preloading 0 native plugins for Editor in 0.00 ms.
Unloading 2610 Unused Serialized files (Serialized files now loaded: 0)
Unloading 46 unused Assets / (55.9 KB). Loaded Objects now: 3062.
Memory consumption went from 115.1 MB to 115.1 MB.
Total: 3.622900 ms (FindLiveObjects: 0.298000 ms CreateObjectMapping: 0.218500 ms MarkObjects: 2.981900 ms  DeleteObjects: 0.123400 ms)

AssetImportParameters requested are different than current active one (requested -> active):
  custom:video-decoder-ogg-theora: a1e56fd34408186e4bbccfd4996cb3dc -> 
  custom:container-muxer-webm: aa71ff27fc2769a1b78a27578f13a17b -> 
  custom:container-demuxer-webm: 4f35f7cbe854078d1ac9338744f61a02 -> 
  custom:video-encoder-webm-vp8: eb34c28f22e8b96e1ab97ce403110664 -> 
  custom:video-codec-MediaFoundation-h265: 746d11721c4dcdbdad8f713fa42b33f4 -> 
  custom:audio-encoder-webm-vorbis: bf7c407c2cedff20999df2af8eb42d56 -> 
  custom:framework-win-MediaFoundation: 216162199b28c13a410421893ffa2e32 -> 
  custom:container-demuxer-ogg: 62fdf1f143b41e24485cea50d1cbac27 -> 
  custom:video-decoder-webm-vp8: 9c59270c3fd7afecdb556c50c9e8de78 -> 
  custom:audio-decoder-ogg-vorbis: bf7c407c2cedff20999df2af8eb42d56 -> 
========================================================================
Received Import Request.
  Time since last request: 778597.464733 seconds.
  path: Assets/Prefabs/Isometric Diamond.prefab
  artifactKey: Guid(7afc2d3ef804004458b14e35afae4c72) Importer(815301076,1909f56bfc062723c751e8b465ee728b)
Start importing Assets/Prefabs/Isometric Diamond.prefab using Guid(7afc2d3ef804004458b14e35afae4c72) Importer(815301076,1909f56bfc062723c751e8b465ee728b)  -> (artifact id: '1eae8681a89a34da3e5dedbd9598c5eb') in 0.132229 seconds 
========================================================================
Received Import Request.
  Time since last request: 1.765573 seconds.
  path: Assets/Scenes/Level 0.unity
  artifactKey: Guid(ff058599bddaaf44dbe5d1849d814cc2) Importer(815301076,1909f56bfc062723c751e8b465ee728b)
Start importing Assets/Scenes/Level 0.unity using Guid(ff058599bddaaf44dbe5d1849d814cc2) Importer(815301076,1909f56bfc062723c751e8b465ee728b)  -> (artifact id: '898176bbcd98d4618eb7f16edff5868b') in 0.035898 seconds 
========================================================================
Received Import Request.
  Time since last request: 5.860606 seconds.
  path: Assets/Simple Buttons/Big Buttons/BigGray.png
  artifactKey: Guid(72c72df40bd317b44ab2c02d03f268c7) Importer(815301076,1909f56bfc062723c751e8b465ee728b)
Start importing Assets/Simple Buttons/Big Buttons/BigGray.png using Guid(72c72df40bd317b44ab2c02d03f268c7) Importer(815301076,1909f56bfc062723c751e8b465ee728b)  -> (artifact id: '3fafd81707d7ea7bd198dbbbab07f311') in 0.125179 seconds 
========================================================================
Received Import Request.
  Time since last request: 0.000021 seconds.
  path: Assets/Simple Buttons/Big Buttons/BigPurple.png
  artifactKey: Guid(1007286c832092d4ca0fcba0fad046a3) Importer(815301076,1909f56bfc062723c751e8b465ee728b)
Start importing Assets/Simple Buttons/Big Buttons/BigPurple.png using Guid(1007286c832092d4ca0fcba0fad046a3) Importer(815301076,1909f56bfc062723c751e8b465ee728b)  -> (artifact id: '97a0ed3616d370b3ee9287e3710c0d69') in 0.054952 seconds 
========================================================================
Received Import Request.
  Time since last request: 0.000023 seconds.
  path: Assets/Simple Buttons/Big Buttons/BigGreen.png
  artifactKey: Guid(7194b907763190b4ab82436aaba93472) Importer(815301076,1909f56bfc062723c751e8b465ee728b)
Start importing Assets/Simple Buttons/Big Buttons/BigGreen.png using Guid(7194b907763190b4ab82436aaba93472) Importer(815301076,1909f56bfc062723c751e8b465ee728b)  -> (artifact id: '7950c514467a6aeb8a70a558f2b04dd2') in 0.032878 seconds 
========================================================================
Received Import Request.
  Time since last request: 0.000029 seconds.
  path: Assets/Simple Buttons/Big Buttons/BigPink.png
  artifactKey: Guid(5f4b5e4d7ee5eb14e97739815339826f) Importer(815301076,1909f56bfc062723c751e8b465ee728b)
Start importing Assets/Simple Buttons/Big Buttons/BigPink.png using Guid(5f4b5e4d7ee5eb14e97739815339826f) Importer(815301076,1909f56bfc062723c751e8b465ee728b)  -> (artifact id: 'de2861718536b3189cd63bcf3adf956a') in 0.065380 seconds 
========================================================================
Received Import Request.
  Time since last request: 0.000024 seconds.
  path: Assets/Simple Buttons/Big Buttons/BigTurquoise.png
  artifactKey: Guid(c9b7279b2da06904095b014101b7377e) Importer(815301076,1909f56bfc062723c751e8b465ee728b)
Start importing Assets/Simple Buttons/Big Buttons/BigTurquoise.png using Guid(c9b7279b2da06904095b014101b7377e) Importer(815301076,1909f56bfc062723c751e8b465ee728b)  -> (artifact id: 'fc66d9b65df5e58f34b4bb52e51d99c5') in 0.054642 seconds 
========================================================================
Received Import Request.
  Time since last request: 0.000024 seconds.
  path: Assets/Simple Buttons/Big Buttons/BigLigthBlue.png
  artifactKey: Guid(06f5327c8a8659b44aa589fd6c0f6660) Importer(815301076,1909f56bfc062723c751e8b465ee728b)
Start importing Assets/Simple Buttons/Big Buttons/BigLigthBlue.png using Guid(06f5327c8a8659b44aa589fd6c0f6660) Importer(815301076,1909f56bfc062723c751e8b465ee728b)  -> (artifact id: 'f57a91f5884699de19f5e2c01078f0d1') in 0.052022 seconds 
========================================================================
Received Import Request.
  Time since last request: 11.230892 seconds.
  path: Assets/Prefabs/New Piskel (12)-1.png.png
  artifactKey: Guid(67622c7f0f7519240a58b142b76f7824) Importer(815301076,1909f56bfc062723c751e8b465ee728b)
Start importing Assets/Prefabs/New Piskel (12)-1.png.png using Guid(67622c7f0f7519240a58b142b76f7824) Importer(815301076,1909f56bfc062723c751e8b465ee728b)  -> (artifact id: 'd7ff86a324c672b5b0b7261d6a9807e1') in 0.021616 seconds 
========================================================================
Received Import Request.
  Time since last request: 9.810811 seconds.
  path: Assets/Prefabs/New Piskel (12)-1.png.png
  artifactKey: Guid(67622c7f0f7519240a58b142b76f7824) Importer(815301076,1909f56bfc062723c751e8b465ee728b)
Start importing Assets/Prefabs/New Piskel (12)-1.png.png using Guid(67622c7f0f7519240a58b142b76f7824) Importer(815301076,1909f56bfc062723c751e8b465ee728b)  -> (artifact id: '8b0e923aaa54711fac2891ec2ee90adb') in 0.018207 seconds 
========================================================================
Received Import Request.
  Time since last request: 3.859400 seconds.
  path: Assets/Prefabs/Isometric Diamond.prefab
  artifactKey: Guid(7afc2d3ef804004458b14e35afae4c72) Importer(815301076,1909f56bfc062723c751e8b465ee728b)
Start importing Assets/Prefabs/Isometric Diamond.prefab using Guid(7afc2d3ef804004458b14e35afae4c72) Importer(815301076,1909f56bfc062723c751e8b465ee728b)  -> (artifact id: '733d9c2a184c49a0dd2348cb0967a9d8') in 0.013300 seconds 
========================================================================
Received Import Request.
  Time since last request: 354.268549 seconds.
  path: Assets/Prefabs/Star.prefab
  artifactKey: Guid(1ea2150d51e0e8a4a97b3ea284ffd7f6) Importer(815301076,1909f56bfc062723c751e8b465ee728b)
Start importing Assets/Prefabs/Star.prefab using Guid(1ea2150d51e0e8a4a97b3ea284ffd7f6) Importer(815301076,1909f56bfc062723c751e8b465ee728b)  -> (artifact id: '01cca9f95038abae36a09fed937b790a') in 0.018388 seconds 
========================================================================
Received Prepare
Registering precompiled user dll's ...
Registered in 0.004242 seconds.
Begin MonoManager ReloadAssembly
Native extension for WindowsStandalone target not found
Native extension for Android target not found
Refreshing native plugins compatible for Editor in 0.72 ms, found 3 plugins.
Preloading 0 native plugins for Editor in 0.00 ms.
Mono: successfully reloaded assembly
- Completed reload, in  0.938 seconds
Domain Reload Profiling:
	ReloadAssembly (941ms)
		BeginReloadAssembly (122ms)
			ExecutionOrderSort (0ms)
			DisableScriptedObjects (7ms)
			BackupInstance (0ms)
			ReleaseScriptingObjects (0ms)
			CreateAndSetChildDomain (37ms)
		EndReloadAssembly (716ms)
			LoadAssemblies (73ms)
			RebuildTransferFunctionScriptingTraits (0ms)
			SetupTypeCache (205ms)
			ReleaseScriptCaches (1ms)
			RebuildScriptCaches (44ms)
			SetupLoadedEditorAssemblies (340ms)
				LogAssemblyErrors (0ms)
				InitializePlatformSupportModulesInManaged (20ms)
				SetLoadedEditorAssemblies (0ms)
				RefreshPlugins (1ms)
				BeforeProcessingInitializeOnLoad (60ms)
				ProcessInitializeOnLoadAttributes (211ms)
				ProcessInitializeOnLoadMethodAttributes (45ms)
				AfterProcessingInitializeOnLoad (3ms)
				EditorAssembliesLoaded (0ms)
			ExecutionOrderSort2 (0ms)
			AwakeInstancesAfterBackupRestoration (12ms)
Platform modules already initialized, skipping
Refreshing native plugins compatible for Editor in 2.21 ms, found 3 plugins.
Preloading 0 native plugins for Editor in 0.00 ms.
Unloading 2586 Unused Serialized files (Serialized files now loaded: 0)
Unloading 33 unused Assets / (24.6 KB). Loaded Objects now: 3077.
Memory consumption went from 117.2 MB to 117.2 MB.
Total: 3.217200 ms (FindLiveObjects: 0.307700 ms CreateObjectMapping: 0.120900 ms MarkObjects: 2.750000 ms  DeleteObjects: 0.037700 ms)

AssetImportParameters requested are different than current active one (requested -> active):
  custom:video-decoder-ogg-theora: a1e56fd34408186e4bbccfd4996cb3dc -> 
  custom:container-muxer-webm: aa71ff27fc2769a1b78a27578f13a17b -> 
  custom:container-demuxer-webm: 4f35f7cbe854078d1ac9338744f61a02 -> 
  custom:video-encoder-webm-vp8: eb34c28f22e8b96e1ab97ce403110664 -> 
  custom:video-codec-MediaFoundation-h265: 746d11721c4dcdbdad8f713fa42b33f4 -> 
  custom:audio-encoder-webm-vorbis: bf7c407c2cedff20999df2af8eb42d56 -> 
  custom:framework-win-MediaFoundation: 216162199b28c13a410421893ffa2e32 -> 
  custom:container-demuxer-ogg: 62fdf1f143b41e24485cea50d1cbac27 -> 
  custom:video-decoder-webm-vp8: 9c59270c3fd7afecdb556c50c9e8de78 -> 
  custom:audio-decoder-ogg-vorbis: bf7c407c2cedff20999df2af8eb42d56 -> 
========================================================================
Received Import Request.
  Time since last request: 106.990096 seconds.
  path: Assets/Prefabs/New Piskel (12)-1.png (1).png
  artifactKey: Guid(a0a6e493576966c49ad6eb64af3d19c8) Importer(815301076,1909f56bfc062723c751e8b465ee728b)
Start importing Assets/Prefabs/New Piskel (12)-1.png (1).png using Guid(a0a6e493576966c49ad6eb64af3d19c8) Importer(815301076,1909f56bfc062723c751e8b465ee728b)  -> (artifact id: 'bf3d3093fb77c6d565317ca3513bd94b') in 0.065783 seconds 
========================================================================
Received Import Request.
  Time since last request: 24.830875 seconds.
  path: Assets/Prefabs/New Piskel (12)-1.png (1).png
  artifactKey: Guid(a0a6e493576966c49ad6eb64af3d19c8) Importer(815301076,1909f56bfc062723c751e8b465ee728b)
Start importing Assets/Prefabs/New Piskel (12)-1.png (1).png using Guid(a0a6e493576966c49ad6eb64af3d19c8) Importer(815301076,1909f56bfc062723c751e8b465ee728b)  -> (artifact id: '50f9709d5706303cfddd9edcc949a472') in 0.017595 seconds 
========================================================================
Received Prepare
Registering precompiled user dll's ...
Registered in 0.004189 seconds.
Begin MonoManager ReloadAssembly
Native extension for WindowsStandalone target not found
Native extension for Android target not found
Refreshing native plugins compatible for Editor in 0.82 ms, found 3 plugins.
Preloading 0 native plugins for Editor in 0.00 ms.
Mono: successfully reloaded assembly
- Completed reload, in  1.234 seconds
Domain Reload Profiling:
	ReloadAssembly (1238ms)
		BeginReloadAssembly (125ms)
			ExecutionOrderSort (0ms)
			DisableScriptedObjects (8ms)
			BackupInstance (0ms)
			ReleaseScriptingObjects (0ms)
			CreateAndSetChildDomain (38ms)
		EndReloadAssembly (1012ms)
			LoadAssemblies (76ms)
			RebuildTransferFunctionScriptingTraits (0ms)
			SetupTypeCache (217ms)
			ReleaseScriptCaches (1ms)
			RebuildScriptCaches (54ms)
			SetupLoadedEditorAssemblies (548ms)
				LogAssemblyErrors (0ms)
				InitializePlatformSupportModulesInManaged (35ms)
				SetLoadedEditorAssemblies (1ms)
				RefreshPlugins (1ms)
				BeforeProcessingInitializeOnLoad (93ms)
				ProcessInitializeOnLoadAttributes (340ms)
				ProcessInitializeOnLoadMethodAttributes (75ms)
				AfterProcessingInitializeOnLoad (4ms)
				EditorAssembliesLoaded (0ms)
			ExecutionOrderSort2 (0ms)
			AwakeInstancesAfterBackupRestoration (19ms)
Platform modules already initialized, skipping
Refreshing native plugins compatible for Editor in 3.74 ms, found 3 plugins.
Preloading 0 native plugins for Editor in 0.00 ms.
Unloading 2586 Unused Serialized files (Serialized files now loaded: 0)
Unloading 33 unused Assets / (25.7 KB). Loaded Objects now: 3080.
Memory consumption went from 117.2 MB to 117.2 MB.
Total: 4.376200 ms (FindLiveObjects: 0.261200 ms CreateObjectMapping: 0.233300 ms MarkObjects: 3.850100 ms  DeleteObjects: 0.030400 ms)

AssetImportParameters requested are different than current active one (requested -> active):
  custom:video-decoder-ogg-theora: a1e56fd34408186e4bbccfd4996cb3dc -> 
  custom:container-muxer-webm: aa71ff27fc2769a1b78a27578f13a17b -> 
  custom:container-demuxer-webm: 4f35f7cbe854078d1ac9338744f61a02 -> 
  custom:video-encoder-webm-vp8: eb34c28f22e8b96e1ab97ce403110664 -> 
  custom:video-codec-MediaFoundation-h265: 746d11721c4dcdbdad8f713fa42b33f4 -> 
  custom:audio-encoder-webm-vorbis: bf7c407c2cedff20999df2af8eb42d56 -> 
  custom:framework-win-MediaFoundation: 216162199b28c13a410421893ffa2e32 -> 
  custom:container-demuxer-ogg: 62fdf1f143b41e24485cea50d1cbac27 -> 
  custom:video-decoder-webm-vp8: 9c59270c3fd7afecdb556c50c9e8de78 -> 
  custom:audio-decoder-ogg-vorbis: bf7c407c2cedff20999df2af8eb42d56 -> 
========================================================================
Received Import Request.
  Time since last request: 33.150382 seconds.
  path: Assets/Prefabs/Star.prefab
  artifactKey: Guid(1ea2150d51e0e8a4a97b3ea284ffd7f6) Importer(815301076,1909f56bfc062723c751e8b465ee728b)
Start importing Assets/Prefabs/Star.prefab using Guid(1ea2150d51e0e8a4a97b3ea284ffd7f6) Importer(815301076,1909f56bfc062723c751e8b465ee728b)  -> (artifact id: '32a03e17e50b774dcf4b8aa2d3f72f6e') in 0.039682 seconds 
========================================================================
Received Import Request.
  Time since last request: 15.071433 seconds.
  path: Assets/Prefabs/Tile.prefab
  artifactKey: Guid(a0267fe8b0184ad4e8329133d9df7531) Importer(815301076,1909f56bfc062723c751e8b465ee728b)
Start importing Assets/Prefabs/Tile.prefab using Guid(a0267fe8b0184ad4e8329133d9df7531) Importer(815301076,1909f56bfc062723c751e8b465ee728b)  -> (artifact id: 'ef4664617f245d171eff257634f56fa2') in 0.015803 seconds 
========================================================================
Received Import Request.
  Time since last request: 1.049977 seconds.
  path: Assets/Prefabs/New Piskel (10).asset
  artifactKey: Guid(72f66b2ed0c35ad4f8eb45b05c6f19b2) Importer(815301076,1909f56bfc062723c751e8b465ee728b)
Start importing Assets/Prefabs/New Piskel (10).asset using Guid(72f66b2ed0c35ad4f8eb45b05c6f19b2) Importer(815301076,1909f56bfc062723c751e8b465ee728b)  -> (artifact id: '60fc832ee9ab5bd2ce7cbf8cfccf17fa') in 0.014742 seconds 
========================================================================
Received Import Request.
  Time since last request: 0.000019 seconds.
  path: Assets/Prefabs/Palete ballgame.prefab
  artifactKey: Guid(5f64a6ef5d591fa4dafe28adac6fc475) Importer(815301076,1909f56bfc062723c751e8b465ee728b)
Start importing Assets/Prefabs/Palete ballgame.prefab using Guid(5f64a6ef5d591fa4dafe28adac6fc475) Importer(815301076,1909f56bfc062723c751e8b465ee728b)  -> (artifact id: '663133e6ac6a5160f6ab29e2da0763f4') in 0.089789 seconds 
========================================================================
Received Import Request.
  Time since last request: 1.863491 seconds.
  path: Assets/Prefabs/New Palette.prefab
  artifactKey: Guid(fa1e4c7ecc6ca494da16da1fc968bfdc) Importer(815301076,1909f56bfc062723c751e8b465ee728b)
Start importing Assets/Prefabs/New Palette.prefab using Guid(fa1e4c7ecc6ca494da16da1fc968bfdc) Importer(815301076,1909f56bfc062723c751e8b465ee728b)  -> (artifact id: '2ed8ef1bcb1477a24ec4fab3293ea745') in 0.049947 seconds 
========================================================================
Received Import Request.
  Time since last request: 0.000106 seconds.
  path: Assets/Prefabs/Palete ballgame.prefab
  artifactKey: Guid(5f64a6ef5d591fa4dafe28adac6fc475) Importer(815301076,1909f56bfc062723c751e8b465ee728b)
Start importing Assets/Prefabs/Palete ballgame.prefab using Guid(5f64a6ef5d591fa4dafe28adac6fc475) Importer(815301076,1909f56bfc062723c751e8b465ee728b)  -> (artifact id: '6eeafffae33c277f53ffc0770a63e57b') in 0.025046 seconds 
========================================================================
Received Import Request.
  Time since last request: 1.018264 seconds.
  path: Assets/Prefabs/a.asset
  artifactKey: Guid(15d578442fe036a4fb2bb5091b4a3d09) Importer(815301076,1909f56bfc062723c751e8b465ee728b)
Start importing Assets/Prefabs/a.asset using Guid(15d578442fe036a4fb2bb5091b4a3d09) Importer(815301076,1909f56bfc062723c751e8b465ee728b)  -> (artifact id: 'f18f0f0333ba1bbfd77e22290664e9cc') in 0.010674 seconds 
========================================================================
Received Import Request.
  Time since last request: 0.000033 seconds.
  path: Assets/Prefabs/Palete ballgame.prefab
  artifactKey: Guid(5f64a6ef5d591fa4dafe28adac6fc475) Importer(815301076,1909f56bfc062723c751e8b465ee728b)
Start importing Assets/Prefabs/Palete ballgame.prefab using Guid(5f64a6ef5d591fa4dafe28adac6fc475) Importer(815301076,1909f56bfc062723c751e8b465ee728b)  -> (artifact id: '24f2ffc3f12353e93ebea4ab42498cbc') in 0.011063 seconds 
========================================================================
Received Import Request.
  Time since last request: 0.000031 seconds.
  path: Assets/Prefabs/New Palette.prefab
  artifactKey: Guid(fa1e4c7ecc6ca494da16da1fc968bfdc) Importer(815301076,1909f56bfc062723c751e8b465ee728b)
Start importing Assets/Prefabs/New Palette.prefab using Guid(fa1e4c7ecc6ca494da16da1fc968bfdc) Importer(815301076,1909f56bfc062723c751e8b465ee728b)  -> (artifact id: '5ac401d9ccb6e29d79720a63cfbb3524') in 0.010865 seconds 
========================================================================
Received Import Request.
  Time since last request: 2.496933 seconds.
  path: Assets/Prefabs/Palete ballgame.prefab
  artifactKey: Guid(5f64a6ef5d591fa4dafe28adac6fc475) Importer(815301076,1909f56bfc062723c751e8b465ee728b)
Start importing Assets/Prefabs/Palete ballgame.prefab using Guid(5f64a6ef5d591fa4dafe28adac6fc475) Importer(815301076,1909f56bfc062723c751e8b465ee728b)  -> (artifact id: '3cc3aee3f2f777e99ca1e7a266b1819f') in 0.011765 seconds 
========================================================================
Received Import Request.
  Time since last request: 34.553841 seconds.
  path: Assets/Prefabs/Star 1.prefab
  artifactKey: Guid(d3becc6f13aa32f49af6fab9c9fc1571) Importer(815301076,1909f56bfc062723c751e8b465ee728b)
Start importing Assets/Prefabs/Star 1.prefab using Guid(d3becc6f13aa32f49af6fab9c9fc1571) Importer(815301076,1909f56bfc062723c751e8b465ee728b)  -> (artifact id: '6e5d27bc3b684dd16a6de1b0d5561c4a') in 0.015699 seconds 
========================================================================
Received Import Request.
  Time since last request: 106.679943 seconds.
  path: Assets/Scenes/New Palette 1.prefab
  artifactKey: Guid(a33fedb9cfbe0c54ebadbbe79f253888) Importer(815301076,1909f56bfc062723c751e8b465ee728b)
Start importing Assets/Scenes/New Palette 1.prefab using Guid(a33fedb9cfbe0c54ebadbbe79f253888) Importer(815301076,1909f56bfc062723c751e8b465ee728b)  -> (artifact id: 'd1418be86b481407892b641aacfb9a73') in 0.037358 seconds 
========================================================================
Received Import Request.
  Time since last request: 0.000019 seconds.
  path: Assets/Scenes/paletaaa.prefab
  artifactKey: Guid(1bb50a0d4dd3e42468bfdcbca8ca0ca6) Importer(815301076,1909f56bfc062723c751e8b465ee728b)
Start importing Assets/Scenes/paletaaa.prefab using Guid(1bb50a0d4dd3e42468bfdcbca8ca0ca6) Importer(815301076,1909f56bfc062723c751e8b465ee728b)  -> (artifact id: '59e85dfd6cf8d7d968e57acd25152815') in 0.027276 seconds 
